d:\github\xuzhg\hellokerry\src\directxgame_ep01\directxgame\x64\debug\vc143.pdb
d:\github\xuzhg\hellokerry\src\directxgame_ep01\directxgame\x64\debug\vc143.idb
d:\github\xuzhg\hellokerry\src\directxgame_ep01\directxgame\x64\debug\window.obj
d:\github\xuzhg\hellokerry\src\directxgame_ep01\directxgame\x64\debug\main.obj
d:\github\xuzhg\hellokerry\src\directxgame_ep01\directxgame\x64\debug\appwindow.obj
d:\github\xuzhg\hellokerry\src\directxgame_ep02\directxgame\x64\debug\vc143.pdb
d:\github\xuzhg\hellokerry\src\directxgame_ep02\directxgame\x64\debug\vc143.idb
d:\github\xuzhg\hellokerry\src\directxgame_ep02\directxgame\x64\debug\window.obj
d:\github\xuzhg\hellokerry\src\directxgame_ep02\directxgame\x64\debug\main.obj
d:\github\xuzhg\hellokerry\src\directxgame_ep02\directxgame\x64\debug\graphicsengine.obj
d:\github\xuzhg\hellokerry\src\directxgame_ep02\directxgame\x64\debug\appwindow.obj
d:\github\xuzhg\hellokerry\src\directxgame_ep01\x64\debug\directxgame.exe
d:\github\xuzhg\hellokerry\src\directxgame_ep01\directxgame\x64\debug\directxgame.ilk
d:\github\xuzhg\hellokerry\src\directxgame_ep01\x64\debug\directxgame.pdb
d:\github\xuzhg\hellokerry\src\directxgame_ep02\x64\debug\directxgame.pdb
d:\github\xuzhg\hellokerry\src\directxgame_ep02\directxgame\x64\debug\directxgame.tlog\cl.command.1.tlog
d:\github\xuzhg\hellokerry\src\directxgame_ep02\directxgame\x64\debug\directxgame.tlog\cl.read.1.tlog
d:\github\xuzhg\hellokerry\src\directxgame_ep02\directxgame\x64\debug\directxgame.tlog\cl.write.1.tlog
d:\github\xuzhg\hellokerry\src\directxgame_ep02\directxgame\x64\debug\directxgame.tlog\link-cvtres.read.1.tlog
d:\github\xuzhg\hellokerry\src\directxgame_ep02\directxgame\x64\debug\directxgame.tlog\link-cvtres.write.1.tlog
d:\github\xuzhg\hellokerry\src\directxgame_ep02\directxgame\x64\debug\directxgame.tlog\link-rc.read.1.tlog
d:\github\xuzhg\hellokerry\src\directxgame_ep02\directxgame\x64\debug\directxgame.tlog\link-rc.write.1.tlog
d:\github\xuzhg\hellokerry\src\directxgame_ep02\directxgame\x64\debug\directxgame.tlog\link.2132-cvtres.read.1.tlog
d:\github\xuzhg\hellokerry\src\directxgame_ep02\directxgame\x64\debug\directxgame.tlog\link.2132-cvtres.write.1.tlog
d:\github\xuzhg\hellokerry\src\directxgame_ep02\directxgame\x64\debug\directxgame.tlog\link.2132-rc.read.1.tlog
d:\github\xuzhg\hellokerry\src\directxgame_ep02\directxgame\x64\debug\directxgame.tlog\link.2132-rc.write.1.tlog
d:\github\xuzhg\hellokerry\src\directxgame_ep02\directxgame\x64\debug\directxgame.tlog\link.2132.read.1.tlog
d:\github\xuzhg\hellokerry\src\directxgame_ep02\directxgame\x64\debug\directxgame.tlog\link.2132.read.2.tlog
d:\github\xuzhg\hellokerry\src\directxgame_ep02\directxgame\x64\debug\directxgame.tlog\link.2132.write.1.tlog
d:\github\xuzhg\hellokerry\src\directxgame_ep02\directxgame\x64\debug\directxgame.tlog\link.command.1.tlog
d:\github\xuzhg\hellokerry\src\directxgame_ep02\directxgame\x64\debug\directxgame.tlog\link.read.1.tlog
d:\github\xuzhg\hellokerry\src\directxgame_ep02\directxgame\x64\debug\directxgame.tlog\link.read.2.tlog
d:\github\xuzhg\hellokerry\src\directxgame_ep02\directxgame\x64\debug\directxgame.tlog\link.write.1.tlog
